D:\Program Files\Microsoft Visual Studio\2022\MSBuild\Microsoft\VC\v170\Microsoft.CppBuild.targets(517,5): warning MSB8028: 中间目录(x64\Debug\)包含从另一个项目(ConsoleApplication1.vcxproj)共享的文件。   这会导致错误的清除和重新生成行为。
  正在扫描源以查找模块依赖项...
  UI.h
  Random.h
  Bullet.h
  正在编译...
  UI.h
  Random.h
  Bullet.h
D:\Program Files\Microsoft Visual Studio\2022\VC\Tools\MSVC\14.35.32215\include\atomic(325,35): warning C5260: 常量变量 "std::memory_order const (* `std::memory_order __cdecl std::_Combine_cas_memory_orders(std::memory_order,std::memory_order)'::`2'::_Combined_memory_orders)[6]" 在包含的标头文件上下文中具有内部链接，但在导入的标头单元上下文中具有外部链接。如果要跨翻译单元共享它，请考虑将其声明为“内联”; 若要表达将它本地用于此翻译单元的意向，则考虑将其声明为“静态”。
D:\Program Files\Microsoft Visual Studio\2022\VC\Tools\MSVC\14.35.32215\include\atomic(325,35): warning C5260: 常量变量 "std::memory_order const (* `std::memory_order __cdecl std::_Combine_cas_memory_orders(std::memory_order,std::memory_order)'::`2'::_Combined_memory_orders)[6]" 在包含的标头文件上下文中具有内部链接，但在导入的标头单元上下文中具有外部链接。如果要跨翻译单元共享它，请考虑将其声明为“内联”; 若要表达将它本地用于此翻译单元的意向，则考虑将其声明为“静态”。
D:\Program Files\Microsoft Visual Studio\2022\VC\Tools\MSVC\14.35.32215\include\atomic(325,35): warning C5260: 常量变量 "std::memory_order const (* `std::memory_order __cdecl std::_Combine_cas_memory_orders(std::memory_order,std::memory_order)'::`2'::_Combined_memory_orders)[6]" 在包含的标头文件上下文中具有内部链接，但在导入的标头单元上下文中具有外部链接。如果要跨翻译单元共享它，请考虑将其声明为“内联”; 若要表达将它本地用于此翻译单元的意向，则考虑将其声明为“静态”。
  AIPlayer.cpp
  Bullet.cpp
  diep.cpp
  Object.cpp
  Player.cpp
  UI.cpp
  正在生成代码...
  Diep.io.vcxproj -> C:\Users\TwinkleStar\Desktop\diep.io\x64\Debug\diep.exe
