c:\users\twinklestar\desktop\consoleapplication1\consoleapplication1\x64\debug\vc143.pdb
c:\users\twinklestar\desktop\consoleapplication1\consoleapplication1\x64\debug\vc143.idb
c:\users\twinklestar\desktop\consoleapplication1\consoleapplication1\x64\debug\ui.obj
c:\users\twinklestar\desktop\consoleapplication1\consoleapplication1\x64\debug\player.obj
c:\users\twinklestar\desktop\consoleapplication1\consoleapplication1\x64\debug\object.obj
c:\users\twinklestar\desktop\consoleapplication1\consoleapplication1\x64\debug\diep.obj
c:\users\twinklestar\desktop\consoleapplication1\consoleapplication1\x64\debug\bullet.obj
c:\users\twinklestar\desktop\consoleapplication1\consoleapplication1\x64\debug\aiplayer.obj
c:\users\twinklestar\desktop\consoleapplication1\consoleapplication1\x64\debug\random.h.ifc
c:\users\twinklestar\desktop\consoleapplication1\consoleapplication1\x64\debug\random.h.ifc.d.json
c:\users\twinklestar\desktop\consoleapplication1\consoleapplication1\x64\debug\random.h.obj
c:\users\twinklestar\desktop\consoleapplication1\consoleapplication1\x64\debug\bullet.h.ifc
c:\users\twinklestar\desktop\consoleapplication1\consoleapplication1\x64\debug\bullet.h.ifc.d.json
c:\users\twinklestar\desktop\consoleapplication1\consoleapplication1\x64\debug\bullet.h.obj
c:\users\twinklestar\desktop\consoleapplication1\consoleapplication1\x64\debug\ui.h.ifc
c:\users\twinklestar\desktop\consoleapplication1\consoleapplication1\x64\debug\ui.h.ifc.d.json
c:\users\twinklestar\desktop\consoleapplication1\consoleapplication1\x64\debug\ui.h.obj
c:\users\twinklestar\desktop\consoleapplication1\consoleapplication1\x64\debug\random.h.module.json
c:\users\twinklestar\desktop\consoleapplication1\consoleapplication1\x64\debug\ui.h.module.json
c:\users\twinklestar\desktop\consoleapplication1\consoleapplication1\x64\debug\bullet.h.module.json
c:\users\twinklestar\desktop\consoleapplication1\x64\debug\diep.pdb
c:\users\twinklestar\desktop\consoleapplication1\consoleapplication1\x64\debug\diep.tlog\cl.command.1.tlog
c:\users\twinklestar\desktop\consoleapplication1\consoleapplication1\x64\debug\diep.tlog\cl.read.1.tlog
c:\users\twinklestar\desktop\consoleapplication1\consoleapplication1\x64\debug\diep.tlog\cl.write.1.tlog
c:\users\twinklestar\desktop\consoleapplication1\consoleapplication1\x64\debug\diep.tlog\link.29504-cvtres.read.1.tlog
c:\users\twinklestar\desktop\consoleapplication1\consoleapplication1\x64\debug\diep.tlog\link.29504-cvtres.write.1.tlog
c:\users\twinklestar\desktop\consoleapplication1\consoleapplication1\x64\debug\diep.tlog\link.29504-rc.read.1.tlog
c:\users\twinklestar\desktop\consoleapplication1\consoleapplication1\x64\debug\diep.tlog\link.29504-rc.write.1.tlog
c:\users\twinklestar\desktop\consoleapplication1\consoleapplication1\x64\debug\diep.tlog\link.29504.read.1.tlog
c:\users\twinklestar\desktop\consoleapplication1\consoleapplication1\x64\debug\diep.tlog\link.29504.read.2.tlog
c:\users\twinklestar\desktop\consoleapplication1\consoleapplication1\x64\debug\diep.tlog\link.29504.write.1.tlog
c:\users\twinklestar\desktop\consoleapplication1\consoleapplication1\x64\debug\diep.tlog\link.command.1.tlog
c:\users\twinklestar\desktop\consoleapplication1\consoleapplication1\x64\debug\diep.tlog\link.read.1.tlog
c:\users\twinklestar\desktop\consoleapplication1\consoleapplication1\x64\debug\diep.tlog\link.write.1.tlog
c:\users\twinklestar\desktop\consoleapplication1\consoleapplication1\x64\debug\diep_md.tlog\cl.command.1.tlog
c:\users\twinklestar\desktop\consoleapplication1\consoleapplication1\x64\debug\diep_md.tlog\microsoft.build.cpptasks.cl.read.1.tlog
c:\users\twinklestar\desktop\consoleapplication1\consoleapplication1\x64\debug\diep_md.tlog\microsoft.build.cpptasks.cl.write.1.tlog
